<?xml version="1.0" encoding="UTF-8"?>
<testsuite name="Cucumber" time="23.502" tests="1" skipped="0" failures="0" errors="0">
<testcase classname="Registration" name="Successful Login with Valid Credentials" time="23.284">
<system-out><![CDATA[
Given User Launch Edge browser..............................................passed
When User opens URL "https://demo.guru99.com/test/newtours/"................passed
When User click on Register link............................................passed
Then Page Title should be "Register: Mercury Tours".........................passed
When User enter customer info...............................................passed
And click on Submit button..................................................passed
Then User can view confirmation message "sign-in"...........................passed
And close browser...........................................................passed
]]></system-out>
</testcase>
</testsuite>
